<?xml version="1.0" encoding="UTF-8"?>
<testng-results ignored="0" total="1" passed="1" failed="0" skipped="0">
  <reporter-output>
  </reporter-output>
  <suite started-at="2021-04-09T15:32:28 IST" name="Default suite" finished-at="2021-04-09T15:32:46 IST" duration-ms="17850">
    <groups>
    </groups>
    <test started-at="2021-04-09T15:32:28 IST" name="Default test" finished-at="2021-04-09T15:32:46 IST" duration-ms="17850">
      <class name="DependsON">
        <test-method signature="screenshotExample()[pri:0, instance:DependsON@50ad3bc1]" started-at="2021-04-09T15:32:29 IST" name="screenshotExample" finished-at="2021-04-09T15:32:46 IST" duration-ms="17757" status="PASS">
          <reporter-output>
          </reporter-output>
        </test-method> <!-- screenshotExample -->
      </class> <!-- DependsON -->
    </test> <!-- Default test -->
  </suite> <!-- Default suite -->
</testng-results>
